<?xml version="1.0" encoding="UTF-8"?>
<testng-results total="1" passed="1" failed="0" skipped="0">
  <reporter-output>
  </reporter-output>
  <suite started-at="2018-06-19T09:50:02Z" name="Default suite" finished-at="2018-06-19T09:50:10Z" duration-ms="8466">
    <groups>
    </groups>
    <test started-at="2018-06-19T09:50:02Z" name="Default test" finished-at="2018-06-19T09:50:10Z" duration-ms="8466">
      <class name="mallsrc.Onclick_link">
        <test-method is-config="true" signature="openUrl()[pri:0, instance:mallsrc.Onclick_link@5542c4ed]" started-at="2018-06-19T15:20:02Z" name="openUrl" finished-at="2018-06-19T15:20:08Z" duration-ms="6194" status="PASS">
          <reporter-output>
          </reporter-output>
        </test-method> <!-- openUrl -->
        <test-method signature="getbrokenLinks()[pri:0, instance:mallsrc.Onclick_link@5542c4ed]" started-at="2018-06-19T15:20:08Z" name="getbrokenLinks" finished-at="2018-06-19T15:20:08Z" duration-ms="182" status="PASS">
          <reporter-output>
          </reporter-output>
        </test-method> <!-- getbrokenLinks -->
        <test-method is-config="true" signature="closeBrowser()[pri:0, instance:mallsrc.Onclick_link@5542c4ed]" started-at="2018-06-19T15:20:08Z" name="closeBrowser" finished-at="2018-06-19T15:20:10Z" duration-ms="2067" status="PASS">
          <reporter-output>
          </reporter-output>
        </test-method> <!-- closeBrowser -->
      </class> <!-- mallsrc.Onclick_link -->
    </test> <!-- Default test -->
  </suite> <!-- Default suite -->
</testng-results>
